nohup: ignoring input
1开始运行
(8993, 0)
(8993, 7)
(8983, 65)
(8983, 1)
1运行完毕
2开始运行
(8993, 0)
(8993, 7)
(8982, 70)
(8982, 1)
2运行完毕
3开始运行
(8993, 0)
(8993, 7)
(8981, 75)
(8981, 1)
3运行完毕
nohup: ignoring input
1开始运行
(8993, 0)
(8993, 7)
(8983, 65)
(8983, 1)
1运行完毕
2开始运行
(8993, 0)
(8993, 7)
(8982, 70)
(8982, 1)
2运行完毕
3开始运行
(8993, 0)
(8993, 7)
(8981, 75)
(8981, 1)
3运行完毕
nohup: ignoring input
1开始运行
(8993, 0)
(8993, 7)
(8983, 65)
(8983, 1)
1运行完毕
2开始运行
(8993, 0)
(8993, 7)
(8982, 70)
(8982, 1)
2运行完毕
3开始运行
(8993, 0)
(8993, 7)
(8981, 75)
(8981, 1)
3运行完毕
nohup: ignoring input
1开始运行
(8993, 0)
(8993, 7)
(8983, 65)
(8983, 1)
1运行完毕
2开始运行
(8993, 0)
(8993, 7)
(8982, 70)
(8982, 1)
2运行完毕
3开始运行
(8993, 0)
(8993, 7)
(8981, 75)
(8981, 1)
3运行完毕
nohup: ignoring input
1开始运行
(8994, 0)
(8994, 7)
(8984, 65)
(8984, 1)
1运行完毕
2开始运行
(8994, 0)
(8994, 7)
(8983, 70)
(8983, 1)
2运行完毕
3开始运行
(8994, 0)
(8994, 7)
(8982, 75)
(8982, 1)
3运行完毕
nohup: ignoring input
1开始运行
(8994, 0)
(8994, 7)
(8984, 66)
(8984, 1)
1运行完毕
2开始运行
(8994, 0)
(8994, 7)
(8983, 72)
(8983, 1)
2运行完毕
3开始运行
(8994, 0)
(8994, 7)
(8982, 78)
(8982, 1)
3运行完毕
nohup: ignoring input
1开始运行
(8993, 0)
(8993, 7)
(8983, 66)
(8983, 1)
1运行完毕
2开始运行
(8993, 0)
(8993, 7)
(8982, 72)
(8982, 1)
2运行完毕
3开始运行
(8993, 0)
(8993, 7)
(8981, 78)
(8981, 1)
3运行完毕
