2023-04-15 11:11:29,961     INFO                      Base: data           : mimic
2023-04-15 11:11:29,962     INFO                      Base: delay          : 0
2023-04-15 11:11:29,962     INFO                      Base: explainer      : ['winit']
2023-04-15 11:11:29,962     INFO                      Base: cv             : [0, 1, 2, 3, 4]
2023-04-15 11:11:29,962     INFO                      Base: testbs         : -1
2023-04-15 11:11:29,962     INFO                      Base: dataseed       : 1234
2023-04-15 11:11:29,962     INFO                      Base: datapath       : None
2023-04-15 11:11:29,962     INFO                      Base: explainerseed  : 2345
2023-04-15 11:11:29,962     INFO                      Base: outpath        : ./output/
2023-04-15 11:11:29,962     INFO                      Base: ckptpath       : ./ckpt/
2023-04-15 11:11:29,962     INFO                      Base: plotpath       : ./plots/
2023-04-15 11:11:29,962     INFO                      Base: logpath        : ./logs/
2023-04-15 11:11:29,962     INFO                      Base: resultfile     : results.csv
2023-04-15 11:11:29,962     INFO                      Base: logfile        : None
2023-04-15 11:11:29,963     INFO                      Base: train          : True
2023-04-15 11:11:29,963     INFO                      Base: traingen       : False
2023-04-15 11:11:29,963     INFO                      Base: skipexplain    : True
2023-04-15 11:11:29,963     INFO                      Base: eval           : False
2023-04-15 11:11:29,963     INFO                      Base: loglevel       : info
2023-04-15 11:11:29,963     INFO                      Base: nondeterministic: False
2023-04-15 11:11:29,963     INFO                      Base: hiddensize     : 200
2023-04-15 11:11:29,963     INFO                      Base: batchsize      : 100
2023-04-15 11:11:29,963     INFO                      Base: dropout        : 0.5
2023-04-15 11:11:29,963     INFO                      Base: numlayers      : 1
2023-04-15 11:11:29,963     INFO                      Base: modeltype      : gru
2023-04-15 11:11:29,963     INFO                      Base: lr             : None
2023-04-15 11:11:29,963     INFO                      Base: joint          : False
2023-04-15 11:11:29,964     INFO                      Base: conditional    : False
2023-04-15 11:11:29,964     INFO                      Base: area           : None
2023-04-15 11:11:29,964     INFO                      Base: blurtype       : None
2023-04-15 11:11:29,964     INFO                      Base: deletion       : None
2023-04-15 11:11:29,964     INFO                      Base: sizereg        : None
2023-04-15 11:11:29,964     INFO                      Base: timereg        : None
2023-04-15 11:11:29,964     INFO                      Base: loss           : None
2023-04-15 11:11:29,964     INFO                      Base: epoch          : 200
2023-04-15 11:11:29,964     INFO                      Base: lastonly       : None
2023-04-15 11:11:29,964     INFO                      Base: window         : [10]
2023-04-15 11:11:29,964     INFO                      Base: winitmetric    : ['pd']
2023-04-15 11:11:29,964     INFO                      Base: usedatadist    : False
2023-04-15 11:11:29,964     INFO                      Base: samples        : -1
2023-04-15 11:11:29,965     INFO                      Base: maskseed       : 43814
2023-04-15 11:11:29,965     INFO                      Base: mask           : ['std', 'end']
2023-04-15 11:11:29,965     INFO                      Base: top            : 50
2023-04-15 11:11:29,965     INFO                      Base: toppc          : 0.05
2023-04-15 11:11:29,965     INFO                      Base: drop           : ['local', 'global', 'bal']
2023-04-15 11:11:29,965     INFO                      Base: aggregate      : ['mean']
2023-04-15 11:11:32,529     INFO        ModelTrainerWithCv: Training model for cv=0
2023-04-15 11:11:55,388     INFO              ModelTrainer: Epoch 1
2023-04-15 11:11:55,389     INFO              ModelTrainer: Training   ===> Loss: 0.47034299413900116, Acc: 84.74%, Auc: 0.5882
2023-04-15 11:11:55,389     INFO              ModelTrainer: Validation ===> Loss: 0.35969181157447194, Acc: 89.91%, Auc: 0.7135
2023-04-15 11:15:39,758     INFO              ModelTrainer: Epoch 11
2023-04-15 11:15:39,758     INFO              ModelTrainer: Training   ===> Loss: 0.27247771353939093, Acc: 90.56%, Auc: 0.7843
2023-04-15 11:15:39,758     INFO              ModelTrainer: Validation ===> Loss: 0.2741471859248909, Acc: 90.65%, Auc: 0.7792
2023-04-15 11:19:22,057     INFO              ModelTrainer: Epoch 21
2023-04-15 11:19:22,057     INFO              ModelTrainer: Training   ===> Loss: 0.26134265929057793, Acc: 90.88%, Auc: 0.8073
2023-04-15 11:19:22,057     INFO              ModelTrainer: Validation ===> Loss: 0.2736906364962861, Acc: 90.78%, Auc: 0.7803
2023-04-15 11:23:04,448     INFO              ModelTrainer: Epoch 31
2023-04-15 11:23:04,448     INFO              ModelTrainer: Training   ===> Loss: 0.2509514295269509, Acc: 91.12%, Auc: 0.8274
2023-04-15 11:23:04,448     INFO              ModelTrainer: Validation ===> Loss: 0.27178301078242223, Acc: 90.78%, Auc: 0.7860
2023-04-15 11:26:46,650     INFO              ModelTrainer: Epoch 41
2023-04-15 11:26:46,650     INFO              ModelTrainer: Training   ===> Loss: 0.2449210843423734, Acc: 91.04%, Auc: 0.8407
2023-04-15 11:26:46,650     INFO              ModelTrainer: Validation ===> Loss: 0.2710658750824026, Acc: 90.76%, Auc: 0.7881
2023-04-15 11:30:29,306     INFO              ModelTrainer: Epoch 51
2023-04-15 11:30:29,306     INFO              ModelTrainer: Training   ===> Loss: 0.24095494526664954, Acc: 91.14%, Auc: 0.8490
2023-04-15 11:30:29,306     INFO              ModelTrainer: Validation ===> Loss: 0.26896900784324956, Acc: 90.86%, Auc: 0.7930
2023-04-15 11:34:12,372     INFO              ModelTrainer: Epoch 61
2023-04-15 11:34:12,373     INFO              ModelTrainer: Training   ===> Loss: 0.2367546173265657, Acc: 91.07%, Auc: 0.8570
2023-04-15 11:34:12,373     INFO              ModelTrainer: Validation ===> Loss: 0.2692165680833765, Acc: 90.70%, Auc: 0.7944
2023-04-15 11:37:54,679     INFO              ModelTrainer: Epoch 71
2023-04-15 11:37:54,679     INFO              ModelTrainer: Training   ===> Loss: 0.2332573563263223, Acc: 91.30%, Auc: 0.8629
2023-04-15 11:37:54,680     INFO              ModelTrainer: Validation ===> Loss: 0.26950449275003896, Acc: 90.65%, Auc: 0.7949
2023-04-15 11:41:37,253     INFO              ModelTrainer: Epoch 81
2023-04-15 11:41:37,253     INFO              ModelTrainer: Training   ===> Loss: 0.2310043615163178, Acc: 91.27%, Auc: 0.8651
2023-04-15 11:41:37,253     INFO              ModelTrainer: Validation ===> Loss: 0.26900955108371943, Acc: 90.62%, Auc: 0.7974
2023-04-15 11:45:19,414     INFO              ModelTrainer: Epoch 91
2023-04-15 11:45:19,414     INFO              ModelTrainer: Training   ===> Loss: 0.22715665742352203, Acc: 91.49%, Auc: 0.8696
2023-04-15 11:45:19,414     INFO              ModelTrainer: Validation ===> Loss: 0.26963115705026164, Acc: 90.65%, Auc: 0.7995
2023-04-15 11:48:40,970     INFO              ModelTrainer: Test ===> Loss: 0.24885649383068084, Acc: 90.93%, Auc: 0.8067
2023-04-15 11:48:40,970     INFO        ModelTrainerWithCv: Training model for cv=1
2023-04-15 11:49:03,208     INFO              ModelTrainer: Epoch 1
2023-04-15 11:49:03,208     INFO              ModelTrainer: Training   ===> Loss: 0.5396542138344532, Acc: 76.91%, Auc: 0.6139
2023-04-15 11:49:03,208     INFO              ModelTrainer: Validation ===> Loss: 0.40921365973111745, Acc: 88.99%, Auc: 0.7261
2023-04-15 11:52:43,861     INFO              ModelTrainer: Epoch 11
2023-04-15 11:52:43,861     INFO              ModelTrainer: Training   ===> Loss: 0.26862151825146097, Acc: 90.83%, Auc: 0.7807
2023-04-15 11:52:43,861     INFO              ModelTrainer: Validation ===> Loss: 0.2928130187698313, Acc: 89.61%, Auc: 0.7804
2023-04-15 11:56:24,154     INFO              ModelTrainer: Epoch 21
2023-04-15 11:56:24,154     INFO              ModelTrainer: Training   ===> Loss: 0.2582818658871425, Acc: 90.84%, Auc: 0.8034
2023-04-15 11:56:24,154     INFO              ModelTrainer: Validation ===> Loss: 0.2871537144119675, Acc: 89.80%, Auc: 0.7941
2023-04-15 12:00:04,204     INFO              ModelTrainer: Epoch 31
2023-04-15 12:00:04,204     INFO              ModelTrainer: Training   ===> Loss: 0.2533061088037652, Acc: 91.10%, Auc: 0.8170
2023-04-15 12:00:04,204     INFO              ModelTrainer: Validation ===> Loss: 0.28483237205324946, Acc: 89.83%, Auc: 0.7986
2023-04-15 12:03:44,668     INFO              ModelTrainer: Epoch 41
2023-04-15 12:03:44,669     INFO              ModelTrainer: Training   ===> Loss: 0.24870149967436855, Acc: 90.95%, Auc: 0.8260
2023-04-15 12:03:44,669     INFO              ModelTrainer: Validation ===> Loss: 0.28223957967113805, Acc: 89.86%, Auc: 0.8040
2023-04-15 12:07:25,261     INFO              ModelTrainer: Epoch 51
2023-04-15 12:07:25,261     INFO              ModelTrainer: Training   ===> Loss: 0.24588137769417182, Acc: 91.18%, Auc: 0.8311
2023-04-15 12:07:25,261     INFO              ModelTrainer: Validation ===> Loss: 0.2798168651155523, Acc: 89.83%, Auc: 0.8097
2023-04-15 12:11:05,938     INFO              ModelTrainer: Epoch 61
2023-04-15 12:11:05,939     INFO              ModelTrainer: Training   ===> Loss: 0.24125383567769784, Acc: 91.27%, Auc: 0.8405
2023-04-15 12:11:05,939     INFO              ModelTrainer: Validation ===> Loss: 0.27561173608174194, Acc: 90.02%, Auc: 0.8170
2023-04-15 12:14:46,336     INFO              ModelTrainer: Epoch 71
2023-04-15 12:14:46,336     INFO              ModelTrainer: Training   ===> Loss: 0.23675472671921188, Acc: 91.28%, Auc: 0.8482
2023-04-15 12:14:46,336     INFO              ModelTrainer: Validation ===> Loss: 0.27277778209866704, Acc: 90.16%, Auc: 0.8223
2023-04-15 12:18:26,543     INFO              ModelTrainer: Epoch 81
2023-04-15 12:18:26,543     INFO              ModelTrainer: Training   ===> Loss: 0.2351496441642175, Acc: 91.25%, Auc: 0.8525
2023-04-15 12:18:26,543     INFO              ModelTrainer: Validation ===> Loss: 0.27368427088131775, Acc: 90.18%, Auc: 0.8212
2023-04-15 12:22:07,155     INFO              ModelTrainer: Epoch 91
2023-04-15 12:22:07,155     INFO              ModelTrainer: Training   ===> Loss: 0.23253344412188273, Acc: 91.50%, Auc: 0.8550
2023-04-15 12:22:07,156     INFO              ModelTrainer: Validation ===> Loss: 0.2714580913653245, Acc: 90.21%, Auc: 0.8246
2023-04-15 12:25:26,440     INFO              ModelTrainer: Test ===> Loss: 0.2456352651119232, Acc: 91.37%, Auc: 0.8088
2023-04-15 12:25:26,440     INFO        ModelTrainerWithCv: Training model for cv=2
2023-04-15 12:25:48,397     INFO              ModelTrainer: Epoch 1
2023-04-15 12:25:48,397     INFO              ModelTrainer: Training   ===> Loss: 0.5766587150660721, Acc: 72.85%, Auc: 0.6030
2023-04-15 12:25:48,397     INFO              ModelTrainer: Validation ===> Loss: 0.41919415303178736, Acc: 89.75%, Auc: 0.7002
2023-04-15 12:29:28,397     INFO              ModelTrainer: Epoch 11
2023-04-15 12:29:28,397     INFO              ModelTrainer: Training   ===> Loss: 0.2704330147118182, Acc: 90.57%, Auc: 0.7894
2023-04-15 12:29:28,397     INFO              ModelTrainer: Validation ===> Loss: 0.279684715577074, Acc: 90.40%, Auc: 0.7567
2023-04-15 12:33:08,626     INFO              ModelTrainer: Epoch 21
2023-04-15 12:33:08,627     INFO              ModelTrainer: Training   ===> Loss: 0.26015383785439505, Acc: 90.78%, Auc: 0.8119
2023-04-15 12:33:08,627     INFO              ModelTrainer: Validation ===> Loss: 0.2752380898675403, Acc: 90.51%, Auc: 0.7691
2023-04-15 12:36:49,714     INFO              ModelTrainer: Epoch 31
2023-04-15 12:36:49,714     INFO              ModelTrainer: Training   ===> Loss: 0.25488831112916405, Acc: 90.83%, Auc: 0.8217
2023-04-15 12:36:49,714     INFO              ModelTrainer: Validation ===> Loss: 0.2733549765638403, Acc: 90.67%, Auc: 0.7742
2023-04-15 12:40:30,588     INFO              ModelTrainer: Epoch 41
2023-04-15 12:40:30,588     INFO              ModelTrainer: Training   ===> Loss: 0.24977222709236918, Acc: 90.95%, Auc: 0.8330
2023-04-15 12:40:30,588     INFO              ModelTrainer: Validation ===> Loss: 0.2707101042206223, Acc: 90.65%, Auc: 0.7831
2023-04-15 12:44:11,246     INFO              ModelTrainer: Epoch 51
2023-04-15 12:44:11,246     INFO              ModelTrainer: Training   ===> Loss: 0.24347816020048954, Acc: 90.97%, Auc: 0.8449
2023-04-15 12:44:11,247     INFO              ModelTrainer: Validation ===> Loss: 0.2684435687355093, Acc: 90.65%, Auc: 0.7893
2023-04-15 12:47:51,612     INFO              ModelTrainer: Epoch 61
2023-04-15 12:47:51,613     INFO              ModelTrainer: Training   ===> Loss: 0.2387768051813583, Acc: 91.24%, Auc: 0.8524
2023-04-15 12:47:51,613     INFO              ModelTrainer: Validation ===> Loss: 0.26765203596772374, Acc: 90.62%, Auc: 0.7931
2023-04-15 12:51:32,424     INFO              ModelTrainer: Epoch 71
2023-04-15 12:51:32,424     INFO              ModelTrainer: Training   ===> Loss: 0.23771567083895206, Acc: 91.18%, Auc: 0.8534
2023-04-15 12:51:32,424     INFO              ModelTrainer: Validation ===> Loss: 0.2667683439480292, Acc: 90.70%, Auc: 0.7952
2023-04-15 12:55:12,660     INFO              ModelTrainer: Epoch 81
2023-04-15 12:55:12,661     INFO              ModelTrainer: Training   ===> Loss: 0.2337017846167893, Acc: 91.15%, Auc: 0.8624
2023-04-15 12:55:12,661     INFO              ModelTrainer: Validation ===> Loss: 0.2677088979933713, Acc: 90.65%, Auc: 0.7952
2023-04-15 12:58:52,921     INFO              ModelTrainer: Epoch 91
2023-04-15 12:58:52,921     INFO              ModelTrainer: Training   ===> Loss: 0.23047885948137656, Acc: 91.30%, Auc: 0.8662
2023-04-15 12:58:52,922     INFO              ModelTrainer: Validation ===> Loss: 0.268050687941345, Acc: 90.46%, Auc: 0.7953
2023-04-15 13:02:12,299     INFO              ModelTrainer: Test ===> Loss: 0.24648124277591704, Acc: 90.97%, Auc: 0.8102
2023-04-15 13:02:12,299     INFO        ModelTrainerWithCv: Training model for cv=3
2023-04-15 13:02:34,401     INFO              ModelTrainer: Epoch 1
2023-04-15 13:02:34,401     INFO              ModelTrainer: Training   ===> Loss: 0.6400826535112148, Acc: 64.51%, Auc: 0.5989
2023-04-15 13:02:34,402     INFO              ModelTrainer: Validation ===> Loss: 0.4558785976590337, Acc: 89.64%, Auc: 0.7301
2023-04-15 13:06:15,147     INFO              ModelTrainer: Epoch 11
2023-04-15 13:06:15,148     INFO              ModelTrainer: Training   ===> Loss: 0.27438416790116477, Acc: 90.39%, Auc: 0.7830
2023-04-15 13:06:15,148     INFO              ModelTrainer: Validation ===> Loss: 0.2613920122385025, Acc: 90.89%, Auc: 0.7989
2023-04-15 13:09:55,975     INFO              ModelTrainer: Epoch 21
2023-04-15 13:09:55,975     INFO              ModelTrainer: Training   ===> Loss: 0.26336359288040045, Acc: 90.72%, Auc: 0.8047
2023-04-15 13:09:55,975     INFO              ModelTrainer: Validation ===> Loss: 0.2565499032671387, Acc: 90.89%, Auc: 0.8112
2023-04-15 13:13:36,328     INFO              ModelTrainer: Epoch 31
2023-04-15 13:13:36,329     INFO              ModelTrainer: Training   ===> Loss: 0.2557156057273214, Acc: 90.98%, Auc: 0.8207
2023-04-15 13:13:36,329     INFO              ModelTrainer: Validation ===> Loss: 0.2541837877518422, Acc: 90.89%, Auc: 0.8170
2023-04-15 13:17:17,094     INFO              ModelTrainer: Epoch 41
2023-04-15 13:17:17,094     INFO              ModelTrainer: Training   ===> Loss: 0.25094512724191753, Acc: 91.07%, Auc: 0.8311
2023-04-15 13:17:17,094     INFO              ModelTrainer: Validation ===> Loss: 0.25218180305248983, Acc: 91.00%, Auc: 0.8224
2023-04-15 13:20:57,680     INFO              ModelTrainer: Epoch 51
2023-04-15 13:20:57,680     INFO              ModelTrainer: Training   ===> Loss: 0.24573529390869914, Acc: 91.11%, Auc: 0.8399
2023-04-15 13:20:57,680     INFO              ModelTrainer: Validation ===> Loss: 0.25123211781720856, Acc: 91.03%, Auc: 0.8252
2023-04-15 13:24:38,606     INFO              ModelTrainer: Epoch 61
2023-04-15 13:24:38,607     INFO              ModelTrainer: Training   ===> Loss: 0.24195471441222205, Acc: 91.23%, Auc: 0.8462
2023-04-15 13:24:38,607     INFO              ModelTrainer: Validation ===> Loss: 0.25117322681723414, Acc: 90.97%, Auc: 0.8253
2023-04-15 13:28:19,160     INFO              ModelTrainer: Epoch 71
2023-04-15 13:28:19,161     INFO              ModelTrainer: Training   ===> Loss: 0.2407038710709359, Acc: 91.14%, Auc: 0.8506
2023-04-15 13:28:19,161     INFO              ModelTrainer: Validation ===> Loss: 0.24921669710326838, Acc: 91.05%, Auc: 0.8300
2023-04-15 13:31:59,668     INFO              ModelTrainer: Epoch 81
2023-04-15 13:31:59,669     INFO              ModelTrainer: Training   ===> Loss: 0.23797452203123956, Acc: 91.27%, Auc: 0.8544
2023-04-15 13:31:59,669     INFO              ModelTrainer: Validation ===> Loss: 0.24809374881757273, Acc: 91.03%, Auc: 0.8320
2023-04-15 13:35:39,625     INFO              ModelTrainer: Epoch 91
2023-04-15 13:35:39,626     INFO              ModelTrainer: Training   ===> Loss: 0.23535958838623924, Acc: 91.17%, Auc: 0.8593
2023-04-15 13:35:39,626     INFO              ModelTrainer: Validation ===> Loss: 0.24847237282508128, Acc: 91.11%, Auc: 0.8312
2023-04-15 13:38:59,018     INFO              ModelTrainer: Test ===> Loss: 0.2477266013622284, Acc: 91.06%, Auc: 0.8083
2023-04-15 13:38:59,019     INFO        ModelTrainerWithCv: Training model for cv=4
2023-04-15 13:39:21,042     INFO              ModelTrainer: Epoch 1
2023-04-15 13:39:21,042     INFO              ModelTrainer: Training   ===> Loss: 0.6431181571773581, Acc: 64.51%, Auc: 0.6095
2023-04-15 13:39:21,042     INFO              ModelTrainer: Validation ===> Loss: 0.45209407484209213, Acc: 89.21%, Auc: 0.7279
2023-04-15 13:43:01,716     INFO              ModelTrainer: Epoch 11
2023-04-15 13:43:01,717     INFO              ModelTrainer: Training   ===> Loss: 0.2757223376349823, Acc: 90.33%, Auc: 0.7809
2023-04-15 13:43:01,717     INFO              ModelTrainer: Validation ===> Loss: 0.2629605821661047, Acc: 91.16%, Auc: 0.7756
2023-04-15 13:46:41,673     INFO              ModelTrainer: Epoch 21
2023-04-15 13:46:41,674     INFO              ModelTrainer: Training   ===> Loss: 0.26494523933207664, Acc: 90.52%, Auc: 0.8090
2023-04-15 13:46:41,674     INFO              ModelTrainer: Validation ===> Loss: 0.2561367983753617, Acc: 91.14%, Auc: 0.7957
2023-04-15 13:50:22,225     INFO              ModelTrainer: Epoch 31
2023-04-15 13:50:22,225     INFO              ModelTrainer: Training   ===> Loss: 0.2530897118755289, Acc: 90.86%, Auc: 0.8306
2023-04-15 13:50:22,225     INFO              ModelTrainer: Validation ===> Loss: 0.2538089941482286, Acc: 91.00%, Auc: 0.8060
2023-04-15 13:54:02,741     INFO              ModelTrainer: Epoch 41
2023-04-15 13:54:02,741     INFO              ModelTrainer: Training   ===> Loss: 0.2467210792709847, Acc: 90.78%, Auc: 0.8433
2023-04-15 13:54:02,741     INFO              ModelTrainer: Validation ===> Loss: 0.2524604189234811, Acc: 91.05%, Auc: 0.8088
2023-04-15 13:57:43,394     INFO              ModelTrainer: Epoch 51
2023-04-15 13:57:43,395     INFO              ModelTrainer: Training   ===> Loss: 0.242034634524906, Acc: 90.93%, Auc: 0.8512
2023-04-15 13:57:43,395     INFO              ModelTrainer: Validation ===> Loss: 0.25280807187428345, Acc: 90.95%, Auc: 0.8086
2023-04-15 14:01:24,634     INFO              ModelTrainer: Epoch 61
2023-04-15 14:01:24,634     INFO              ModelTrainer: Training   ===> Loss: 0.23991773086222443, Acc: 91.10%, Auc: 0.8533
2023-04-15 14:01:24,634     INFO              ModelTrainer: Validation ===> Loss: 0.25219729985739736, Acc: 91.00%, Auc: 0.8100
2023-04-15 14:05:04,944     INFO              ModelTrainer: Epoch 71
2023-04-15 14:05:04,944     INFO              ModelTrainer: Training   ===> Loss: 0.2372040909689826, Acc: 91.15%, Auc: 0.8574
2023-04-15 14:05:04,944     INFO              ModelTrainer: Validation ===> Loss: 0.2530627528557906, Acc: 91.00%, Auc: 0.8088
2023-04-15 14:08:45,091     INFO              ModelTrainer: Epoch 81
2023-04-15 14:08:45,091     INFO              ModelTrainer: Training   ===> Loss: 0.2353708565839239, Acc: 91.17%, Auc: 0.8617
2023-04-15 14:08:45,091     INFO              ModelTrainer: Validation ===> Loss: 0.25351630876193176, Acc: 90.86%, Auc: 0.8093
2023-04-15 14:12:25,851     INFO              ModelTrainer: Epoch 91
2023-04-15 14:12:25,851     INFO              ModelTrainer: Training   ===> Loss: 0.231867010075901, Acc: 91.27%, Auc: 0.8661
2023-04-15 14:12:25,851     INFO              ModelTrainer: Validation ===> Loss: 0.25392762551436554, Acc: 90.81%, Auc: 0.8101
2023-04-15 14:15:45,841     INFO              ModelTrainer: Test ===> Loss: 0.24573611617088317, Acc: 91.13%, Auc: 0.8137
2023-04-15 14:15:50,065     INFO         ExplanationRunner: Average Accuracy = 0.9109±0.0015
2023-04-15 14:15:50,065     INFO         ExplanationRunner: Model Accuracy on Tests = [0.909308, 0.913658, 0.909743, 0.910613, 0.911266].
2023-04-15 14:15:50,066     INFO         ExplanationRunner: Average AUC = 0.8095±0.0024
2023-04-15 14:15:50,066     INFO         ExplanationRunner: Model AUC on Tests = [0.806687, 0.808766, 0.810214, 0.808274, 0.813697].
2023-04-15 14:15:50,066     INFO                      Base: Load data and train/load model done.
2023-04-15 14:15:50,068     INFO                      Base: All done! Time elapsed: 11060.10689997673
2023-04-15 15:17:13,791     INFO                      Base: data           : mimic
2023-04-15 15:17:13,791     INFO                      Base: delay          : 0
2023-04-15 15:17:13,791     INFO                      Base: explainer      : ['winit']
2023-04-15 15:17:13,791     INFO                      Base: cv             : [0, 1, 2, 3, 4]
2023-04-15 15:17:13,791     INFO                      Base: testbs         : -1
2023-04-15 15:17:13,791     INFO                      Base: dataseed       : 1234
2023-04-15 15:17:13,792     INFO                      Base: datapath       : None
2023-04-15 15:17:13,792     INFO                      Base: explainerseed  : 2345
2023-04-15 15:17:13,792     INFO                      Base: outpath        : ./output/
2023-04-15 15:17:13,792     INFO                      Base: ckptpath       : ./ckpt/
2023-04-15 15:17:13,792     INFO                      Base: plotpath       : ./plots/
2023-04-15 15:17:13,792     INFO                      Base: logpath        : ./logs/
2023-04-15 15:17:13,792     INFO                      Base: resultfile     : results.csv
2023-04-15 15:17:13,792     INFO                      Base: logfile        : None
2023-04-15 15:17:13,792     INFO                      Base: train          : False
2023-04-15 15:17:13,792     INFO                      Base: traingen       : True
2023-04-15 15:17:13,792     INFO                      Base: skipexplain    : True
2023-04-15 15:17:13,792     INFO                      Base: eval           : False
2023-04-15 15:17:13,792     INFO                      Base: loglevel       : info
2023-04-15 15:17:13,793     INFO                      Base: nondeterministic: False
2023-04-15 15:17:13,793     INFO                      Base: hiddensize     : 200
2023-04-15 15:17:13,793     INFO                      Base: batchsize      : 100
2023-04-15 15:17:13,793     INFO                      Base: dropout        : 0.5
2023-04-15 15:17:13,793     INFO                      Base: numlayers      : 1
2023-04-15 15:17:13,793     INFO                      Base: modeltype      : gru
2023-04-15 15:17:13,793     INFO                      Base: lr             : None
2023-04-15 15:17:13,793     INFO                      Base: joint          : False
2023-04-15 15:17:13,793     INFO                      Base: conditional    : False
2023-04-15 15:17:13,793     INFO                      Base: area           : None
2023-04-15 15:17:13,793     INFO                      Base: blurtype       : None
2023-04-15 15:17:13,793     INFO                      Base: deletion       : None
2023-04-15 15:17:13,793     INFO                      Base: sizereg        : None
2023-04-15 15:17:13,793     INFO                      Base: timereg        : None
2023-04-15 15:17:13,794     INFO                      Base: loss           : None
2023-04-15 15:17:13,794     INFO                      Base: epoch          : 200
2023-04-15 15:17:13,794     INFO                      Base: lastonly       : None
2023-04-15 15:17:13,794     INFO                      Base: window         : [10]
2023-04-15 15:17:13,794     INFO                      Base: winitmetric    : ['pd']
2023-04-15 15:17:13,794     INFO                      Base: usedatadist    : False
2023-04-15 15:17:13,794     INFO                      Base: samples        : -1
2023-04-15 15:17:13,794     INFO                      Base: maskseed       : 43814
2023-04-15 15:17:13,794     INFO                      Base: mask           : ['std', 'end']
2023-04-15 15:17:13,794     INFO                      Base: top            : 50
2023-04-15 15:17:13,794     INFO                      Base: toppc          : 0.05
2023-04-15 15:17:13,794     INFO                      Base: drop           : ['local', 'global', 'bal']
2023-04-15 15:17:13,794     INFO                      Base: aggregate      : ['mean']
2023-04-15 15:17:20,349     INFO         ExplanationRunner: Average Accuracy = 0.9109±0.0015
2023-04-15 15:17:20,349     INFO         ExplanationRunner: Model Accuracy on Tests = [0.909308, 0.913658, 0.909743, 0.910613, 0.911266].
2023-04-15 15:17:20,349     INFO         ExplanationRunner: Average AUC = 0.8095±0.0024
2023-04-15 15:17:20,349     INFO         ExplanationRunner: Model AUC on Tests = [0.806687, 0.808766, 0.810214, 0.808274, 0.813697].
2023-04-15 15:17:20,349     INFO                      Base: Load data and train/load model done.
2023-04-15 15:17:20,351     INFO                      Base: Training Generator...Data=mimic, Explainer=winit
2023-04-15 15:17:20,351     INFO         ExplanationRunner: Training generator for cv=0
2023-04-15 15:17:43,807     INFO          FeatureGenerator: 
Epoch 0
2023-04-15 15:17:43,807     INFO          FeatureGenerator: Generator Training Loss   ===> 0.43619692808872945
2023-04-15 15:17:43,807     INFO          FeatureGenerator: Generator Validation Loss ===> 0.4512025101764782
2023-04-15 15:17:43,811     INFO          FeatureGenerator: save ckpt:in epoch 0
2023-04-15 15:18:08,460     INFO          FeatureGenerator: save ckpt:in epoch 1
2023-04-15 15:18:33,468     INFO          FeatureGenerator: save ckpt:in epoch 2
2023-04-15 15:18:58,597     INFO          FeatureGenerator: save ckpt:in epoch 3
2023-04-15 15:19:23,922     INFO          FeatureGenerator: save ckpt:in epoch 4
2023-04-15 15:19:48,872     INFO          FeatureGenerator: save ckpt:in epoch 5
2023-04-15 15:20:13,293     INFO          FeatureGenerator: save ckpt:in epoch 6
2023-04-15 15:20:37,996     INFO          FeatureGenerator: save ckpt:in epoch 7
2023-04-15 15:21:01,951     INFO          FeatureGenerator: save ckpt:in epoch 8
2023-04-15 15:21:25,889     INFO          FeatureGenerator: save ckpt:in epoch 9
2023-04-15 15:21:49,598     INFO          FeatureGenerator: 
Epoch 10
2023-04-15 15:21:49,598     INFO          FeatureGenerator: Generator Training Loss   ===> 0.14104008090657158
2023-04-15 15:21:49,598     INFO          FeatureGenerator: Generator Validation Loss ===> 0.1411184213451437
2023-04-15 15:21:49,601     INFO          FeatureGenerator: save ckpt:in epoch 10
2023-04-15 15:22:13,532     INFO          FeatureGenerator: save ckpt:in epoch 11
2023-04-15 15:22:38,217     INFO          FeatureGenerator: save ckpt:in epoch 12
2023-04-15 15:23:02,149     INFO          FeatureGenerator: save ckpt:in epoch 13
2023-04-15 15:23:26,090     INFO          FeatureGenerator: save ckpt:in epoch 14
2023-04-15 15:23:50,229     INFO          FeatureGenerator: save ckpt:in epoch 15
2023-04-15 15:24:14,117     INFO          FeatureGenerator: save ckpt:in epoch 16
2023-04-15 15:24:38,005     INFO          FeatureGenerator: save ckpt:in epoch 17
2023-04-15 15:25:02,208     INFO          FeatureGenerator: save ckpt:in epoch 18
2023-04-15 15:25:26,750     INFO          FeatureGenerator: save ckpt:in epoch 19
2023-04-15 15:25:50,665     INFO          FeatureGenerator: 
Epoch 20
2023-04-15 15:25:50,666     INFO          FeatureGenerator: Generator Training Loss   ===> 0.12603929815058773
2023-04-15 15:25:50,666     INFO          FeatureGenerator: Generator Validation Loss ===> 0.12576072924845927
2023-04-15 15:25:50,669     INFO          FeatureGenerator: save ckpt:in epoch 20
2023-04-15 15:26:16,571     INFO          FeatureGenerator: save ckpt:in epoch 21
2023-04-15 15:26:41,625     INFO          FeatureGenerator: save ckpt:in epoch 22
2023-04-15 15:27:05,217     INFO          FeatureGenerator: save ckpt:in epoch 23
2023-04-15 15:27:28,993     INFO          FeatureGenerator: save ckpt:in epoch 24
2023-04-15 15:27:52,462     INFO          FeatureGenerator: save ckpt:in epoch 25
2023-04-15 15:28:16,713     INFO          FeatureGenerator: save ckpt:in epoch 26
2023-04-15 15:28:44,585     INFO          FeatureGenerator: save ckpt:in epoch 27
2023-04-15 15:29:09,342     INFO          FeatureGenerator: save ckpt:in epoch 28
2023-04-15 15:29:33,245     INFO          FeatureGenerator: save ckpt:in epoch 29
2023-04-15 15:29:56,964     INFO          FeatureGenerator: 
Epoch 30
2023-04-15 15:29:56,964     INFO          FeatureGenerator: Generator Training Loss   ===> 0.12132655889601321
2023-04-15 15:29:56,964     INFO          FeatureGenerator: Generator Validation Loss ===> 0.12110222453201139
2023-04-15 15:29:56,967     INFO          FeatureGenerator: save ckpt:in epoch 30
2023-04-15 15:30:20,627     INFO          FeatureGenerator: save ckpt:in epoch 31
2023-04-15 15:30:44,350     INFO          FeatureGenerator: save ckpt:in epoch 32
2023-04-15 15:31:08,075     INFO          FeatureGenerator: save ckpt:in epoch 33
2023-04-15 15:31:31,428     INFO          FeatureGenerator: save ckpt:in epoch 34
2023-04-15 15:31:54,987     INFO          FeatureGenerator: save ckpt:in epoch 35
2023-04-15 15:32:18,833     INFO          FeatureGenerator: save ckpt:in epoch 36
2023-04-15 15:32:43,634     INFO          FeatureGenerator: save ckpt:in epoch 37
2023-04-15 15:33:08,302     INFO          FeatureGenerator: save ckpt:in epoch 38
2023-04-15 15:33:34,133     INFO          FeatureGenerator: save ckpt:in epoch 39
2023-04-15 15:34:00,479     INFO          FeatureGenerator: 
Epoch 40
2023-04-15 15:34:00,479     INFO          FeatureGenerator: Generator Training Loss   ===> 0.11910149409762912
2023-04-15 15:34:00,480     INFO          FeatureGenerator: Generator Validation Loss ===> 0.11916260421276093
2023-04-15 15:34:00,482     INFO          FeatureGenerator: save ckpt:in epoch 40
2023-04-15 15:34:26,091     INFO          FeatureGenerator: save ckpt:in epoch 41
2023-04-15 15:34:53,268     INFO          FeatureGenerator: save ckpt:in epoch 42
2023-04-15 15:35:17,640     INFO          FeatureGenerator: save ckpt:in epoch 43
2023-04-15 15:35:42,195     INFO          FeatureGenerator: save ckpt:in epoch 44
2023-04-15 15:36:07,673     INFO          FeatureGenerator: save ckpt:in epoch 45
2023-04-15 15:36:34,977     INFO          FeatureGenerator: save ckpt:in epoch 46
2023-04-15 15:36:59,017     INFO          FeatureGenerator: save ckpt:in epoch 47
2023-04-15 15:37:22,900     INFO          FeatureGenerator: save ckpt:in epoch 48
2023-04-15 15:37:47,281     INFO          FeatureGenerator: save ckpt:in epoch 49
2023-04-15 15:38:14,355     INFO          FeatureGenerator: 
Epoch 50
2023-04-15 15:38:14,355     INFO          FeatureGenerator: Generator Training Loss   ===> 0.1175900745029385
2023-04-15 15:38:14,355     INFO          FeatureGenerator: Generator Validation Loss ===> 0.11819231006744746
2023-04-15 15:38:14,358     INFO          FeatureGenerator: save ckpt:in epoch 50
2023-04-15 15:38:38,038     INFO          FeatureGenerator: save ckpt:in epoch 51
2023-04-15 15:39:02,158     INFO          FeatureGenerator: save ckpt:in epoch 52
2023-04-15 15:39:26,043     INFO          FeatureGenerator: save ckpt:in epoch 53
2023-04-15 15:39:53,956     INFO          FeatureGenerator: save ckpt:in epoch 54
2023-04-15 15:40:18,328     INFO          FeatureGenerator: save ckpt:in epoch 55
2023-04-15 15:40:43,638     INFO          FeatureGenerator: save ckpt:in epoch 56
2023-04-15 15:41:09,889     INFO          FeatureGenerator: save ckpt:in epoch 57
2023-04-15 15:41:35,297     INFO          FeatureGenerator: save ckpt:in epoch 58
2023-04-15 15:41:59,121     INFO          FeatureGenerator: save ckpt:in epoch 59
2023-04-15 15:42:22,854     INFO          FeatureGenerator: 
Epoch 60
2023-04-15 15:42:22,854     INFO          FeatureGenerator: Generator Training Loss   ===> 0.11653136804297164
2023-04-15 15:42:22,854     INFO          FeatureGenerator: Generator Validation Loss ===> 0.11785070074571145
2023-04-15 15:46:26,459     INFO          FeatureGenerator: 
Epoch 70
2023-04-15 15:46:26,460     INFO          FeatureGenerator: Generator Training Loss   ===> 0.11587112648664294
2023-04-15 15:46:26,460     INFO          FeatureGenerator: Generator Validation Loss ===> 0.11798476991621223
2023-04-15 15:50:34,773     INFO          FeatureGenerator: 
Epoch 80
2023-04-15 15:50:34,773     INFO          FeatureGenerator: Generator Training Loss   ===> 0.11536489839892129
2023-04-15 15:50:34,773     INFO          FeatureGenerator: Generator Validation Loss ===> 0.11821904879164051
2023-04-15 15:54:34,666     INFO          FeatureGenerator: 
Epoch 90
2023-04-15 15:54:34,667     INFO          FeatureGenerator: Generator Training Loss   ===> 0.11494075708292625
2023-04-15 15:54:34,667     INFO          FeatureGenerator: Generator Validation Loss ===> 0.11845218329816251
2023-04-15 15:58:46,558     INFO          FeatureGenerator: 
Epoch 100
2023-04-15 15:58:46,559     INFO          FeatureGenerator: Generator Training Loss   ===> 0.11458463720171838
2023-04-15 15:58:46,559     INFO          FeatureGenerator: Generator Validation Loss ===> 0.11853984159392279
2023-04-15 16:02:52,297     INFO          FeatureGenerator: 
Epoch 110
2023-04-15 16:02:52,297     INFO          FeatureGenerator: Generator Training Loss   ===> 0.11424219114957629
2023-04-15 16:02:52,297     INFO          FeatureGenerator: Generator Validation Loss ===> 0.1184527136989542
2023-04-15 16:07:03,594     INFO          FeatureGenerator: 
Epoch 120
2023-04-15 16:07:03,594     INFO          FeatureGenerator: Generator Training Loss   ===> 0.1140534028511595
2023-04-15 16:07:03,594     INFO          FeatureGenerator: Generator Validation Loss ===> 0.11856347221780468
2023-04-15 16:11:16,075     INFO          FeatureGenerator: 
Epoch 130
2023-04-15 16:11:16,075     INFO          FeatureGenerator: Generator Training Loss   ===> 0.11382818896625493
2023-04-15 16:11:16,075     INFO          FeatureGenerator: Generator Validation Loss ===> 0.11867007834685815
2023-04-15 16:15:25,397     INFO          FeatureGenerator: 
Epoch 140
2023-04-15 16:15:25,398     INFO          FeatureGenerator: Generator Training Loss   ===> 0.11358974561900706
2023-04-15 16:15:25,398     INFO          FeatureGenerator: Generator Validation Loss ===> 0.11873481785123413
2023-04-15 16:19:37,480     INFO          FeatureGenerator: 
Epoch 150
2023-04-15 16:19:37,481     INFO          FeatureGenerator: Generator Training Loss   ===> 0.11340335912599757
2023-04-15 16:19:37,481     INFO          FeatureGenerator: Generator Validation Loss ===> 0.11874658231799667
2023-04-15 16:23:59,759     INFO          FeatureGenerator: 
Epoch 160
2023-04-15 16:23:59,759     INFO          FeatureGenerator: Generator Training Loss   ===> 0.11325149932825887
2023-04-15 16:23:59,759     INFO          FeatureGenerator: Generator Validation Loss ===> 0.1187231840716826
2023-04-15 16:28:25,739     INFO          FeatureGenerator: 
Epoch 170
2023-04-15 16:28:25,740     INFO          FeatureGenerator: Generator Training Loss   ===> 0.11307658728312801
2023-04-15 16:28:25,740     INFO          FeatureGenerator: Generator Validation Loss ===> 0.11871582209258466
2023-04-15 16:32:55,033     INFO          FeatureGenerator: 
Epoch 180
2023-04-15 16:32:55,034     INFO          FeatureGenerator: Generator Training Loss   ===> 0.11288542506863943
2023-04-15 16:32:55,034     INFO          FeatureGenerator: Generator Validation Loss ===> 0.11880668433936867
2023-04-15 16:37:32,881     INFO          FeatureGenerator: 
Epoch 190
2023-04-15 16:37:32,882     INFO          FeatureGenerator: Generator Training Loss   ===> 0.11275453251358625
2023-04-15 16:37:32,882     INFO          FeatureGenerator: Generator Validation Loss ===> 0.11885935732641735
2023-04-15 16:42:03,492     INFO          FeatureGenerator: 
Epoch 200
2023-04-15 16:42:03,492     INFO          FeatureGenerator: Generator Training Loss   ===> 0.1126213343058889
2023-04-15 16:42:03,492     INFO          FeatureGenerator: Generator Validation Loss ===> 0.1189908826270619
